#
# A fatal error has been detected by the Java Runtime Environment:
#
#  SIGSEGV (0xb) at pc=0x00007ffa4e95a7c1, pid=5187, tid=5212
#
# JRE version: OpenJDK Runtime Environment (11.0.4+11) (build 11.0.4+11-post-Ubuntu-1ubuntu218.04.3)
# Java VM: OpenJDK 64-Bit Server VM (11.0.4+11-post-Ubuntu-1ubuntu218.04.3, mixed mode, sharing, tiered, compressed oops, g1 gc, linux-amd64)
# Problematic frame:
# V  [libjvm.so+0x53e7c1]
#
# Core dump will be written. Default location: Core dumps may be processed with "/usr/share/apport/apport %p %s %c %d %P" (or dumping to /home/acquaint/Desktop/UnsplashTest/android/core.5187)
#
# If you would like to submit a bug report, please visit:
#   https://bugs.launchpad.net/ubuntu/+source/openjdk-lts
#

---------------  S U M M A R Y ------------

Command Line: -Xmx64m -Xms64m -Dorg.gradle.appname=gradlew org.gradle.wrapper.GradleWrapperMain app:installDebug -PreactNativeDevServerPort=8081

Host: Intel(R) Core(TM) i3-4130 CPU @ 3.40GHz, 4 cores, 11G, Ubuntu 18.04.3 LTS
Time: Mon Sep 16 21:55:45 2019 IST elapsed time: 0 seconds (0d 0h 0m 0s)

---------------  T H R E A D  ---------------

Current thread (0x00007ffa480a9800):  JavaThread "C1 CompilerThread0" daemon [_thread_in_vm, id=5212, stack(0x00007ffa207a9000,0x00007ffa208aa000)]


Current CompileTask:
C1:    186  351       3       java.lang.CharacterDataLatin1::toUpperCase (53 bytes)

Stack: [0x00007ffa207a9000,0x00007ffa208aa000],  sp=0x00007ffa208a8180,  free space=1020k
Native frames: (J=compiled Java code, A=aot compiled Java code, j=interpreted, Vv=VM code, C=native code)
V  [libjvm.so+0x53e7c1]
[error occurred during error reporting (printing native stack), id 0xb, SIGSEGV (0xb) at pc=0x00007ffa4eb10f9d]


siginfo: si_signo: 11 (SIGSEGV), si_code: 1 (SEGV_MAPERR), si_addr: 0x00007fd9fc02afa8

Register to memory mapping:

RAX=0xffffffffffffffff is an unknown value
RBX=0x00007ffa208a81a0 is pointing into the stack for thread: 0x00007ffa480a9800
RCX=0x0000000000000048 is an unknown value
RDX=0x00007ffa4f28c6d4: <offset 0x0000000000e706d4> in /usr/lib/jvm/java-11-openjdk-amd64/lib/server/libjvm.so at 0x00007ffa4e41c000
RSP=0x00007ffa208a8180 is pointing into the stack for thread: 0x00007ffa480a9800
RBP=0x00007ffa208a8270 is pointing into the stack for thread: 0x00007ffa480a9800
RSI=0x0000000000000001 is an unknown value
RDI=0x00007fd9fc02afa8 is an unknown value
R8 =0x00007ffa08073c44 points into unknown readable memory: 29 4f e2 35
R9 =0x0000000000007ffa is an unknown value
R10=0x00000000000035e2 is an unknown value
R11=0x00000000ffffffff points into unknown readable memory: 00
R12=0x00007ffa208a8210 is pointing into the stack for thread: 0x00007ffa480a9800
R13=0x0000000000000001 is an unknown value
R14=0x0 is NULL
R15=0x00007ffa30f5a8aa is at entry_point+202 in (nmethod*)0x00007ffa30f5a610


Registers:
RAX=0xffffffffffffffff, RBX=0x00007ffa208a81a0, RCX=0x0000000000000048, RDX=0x00007ffa4f28c6d4
RSP=0x00007ffa208a8180, RBP=0x00007ffa208a8270, RSI=0x0000000000000001, RDI=0x00007fd9fc02afa8
R8 =0x00007ffa08073c44, R9 =0x0000000000007ffa, R10=0x00000000000035e2, R11=0x00000000ffffffff
R12=0x00007ffa208a8210, R13=0x0000000000000001, R14=0x0000000000000000, R15=0x00007ffa30f5a8aa
RIP=0x00007ffa4e95a7c1, EFLAGS=0x0000000000010246, CSGSFS=0x002b000000000033, ERR=0x0000000000000004
  TRAPNO=0x000000000000000e

Top of Stack: (sp=0x00007ffa208a8180)
0x00007ffa208a8180:   00007ffa208a8270 00007ffa4ef9b2dc
0x00007ffa208a8190:   00007ffa208a80a0 00007ffa208a81a0
0x00007ffa208a81a0:   0000000000000000 00007ffa30f5a792
0x00007ffa208a81b0:   00007ffa30f5a7d0 00007ffa30f5a610 

Instructions: (pc=0x00007ffa4e95a7c1)
0x00007ffa4e95a6c1:   4a 03 b8 05 00 00 00 e9 eb fc ff ff 88 4a 02 b8
0x00007ffa4e95a6d1:   03 00 00 00 e9 de fc ff ff 88 42 02 b8 03 00 00
0x00007ffa4e95a6e1:   00 e9 b9 fe ff ff 41 88 46 02 b8 03 00 00 00 e9
0x00007ffa4e95a6f1:   ab fd ff ff 41 88 46 03 b8 04 00 00 00 e9 9d fd
0x00007ffa4e95a701:   ff ff 88 42 03 b8 04 00 00 00 e9 90 fe ff ff 41
0x00007ffa4e95a711:   88 46 04 b8 05 00 00 00 e9 82 fd ff ff 88 42 04
0x00007ffa4e95a721:   b8 05 00 00 00 e9 75 fe ff ff 41 88 46 05 b8 06
0x00007ffa4e95a731:   00 00 00 e9 67 fd ff ff 88 42 05 b8 06 00 00 00
0x00007ffa4e95a741:   e9 5a fe ff ff 83 c8 80 49 c1 ed 38 41 88 46 07
0x00007ffa4e95a751:   45 88 6e 08 b8 09 00 00 00 e9 41 fd ff ff 83 c8
0x00007ffa4e95a761:   80 49 c1 ed 38 88 42 07 44 88 6a 08 b8 09 00 00
0x00007ffa4e95a771:   00 e9 29 fe ff ff 41 88 46 06 b8 07 00 00 00 e9
0x00007ffa4e95a781:   1b fd ff ff 88 42 06 b8 07 00 00 00 e9 0e fe ff
0x00007ffa4e95a791:   ff 66 2e 0f 1f 84 00 00 00 00 00 0f 1f 40 00 55
0x00007ffa4e95a7a1:   48 8b 07 48 89 e5 5d c3 0f 1f 80 00 00 00 00 55
0x00007ffa4e95a7b1:   48 8b 07 48 89 e5 5d c3 0f 1f 80 00 00 00 00 55
0x00007ffa4e95a7c1:   48 8b 07 48 89 e5 5d c3 0f 1f 80 00 00 00 00 55
0x00007ffa4e95a7d1:   48 8b 07 48 89 e5 5d c3 0f 1f 80 00 00 00 00 55
0x00007ffa4e95a7e1:   48 8b 07 48 89 e5 5d c3 0f 1f 80 00 00 00 00 55
0x00007ffa4e95a7f1:   48 8b 07 48 89 e5 5d c3 0f 1f 80 00 00 00 00 55
0x00007ffa4e95a801:   48 8b 07 48 89 e5 5d c3 0f 1f 80 00 00 00 00 55
0x00007ffa4e95a811:   48 8b 07 48 89 e5 5d c3 0f 1f 80 00 00 00 00 55
0x00007ffa4e95a821:   48 89 e5 53 48 89 fb 48 83 ec 08 48 8d 05 5d a1
0x00007ffa4e95a831:   e8 00 48 8b 00 8b 50 10 48 8d 05 8d 65 e9 00 80
0x00007ffa4e95a841:   38 00 75 6b 83 fa 02 48 8d 05 a1 ff ff ff 74 4c
0x00007ffa4e95a851:   0f 86 89 00 00 00 83 fa 03 48 8d 05 9f ff ff ff
0x00007ffa4e95a861:   74 3a 83 fa 04 48 8d 05 a3 ff ff ff 74 2e 48 8d
0x00007ffa4e95a871:   05 32 ea e4 00 48 8d 15 63 d3 91 00 48 8d 3d 94
0x00007ffa4e95a881:   d3 91 00 be ef 00 00 00 48 8b 00 c6 00 58 31 c0
0x00007ffa4e95a891:   e8 1a 27 11 00 e8 05 cc 67 00 31 c0 48 89 05 74
0x00007ffa4e95a8a1:   e8 e4 00 48 83 c4 08 48 89 df 5b 5d ff e0 90 83
0x00007ffa4e95a8b1:   fa 02 48 8d 05 f6 fe ff ff 74 e1 76 32 83 fa 03 


Stack slot to memory mapping:
stack at sp + 0 slots: 0x00007ffa208a8270 is pointing into the stack for thread: 0x00007ffa480a9800
stack at sp + 1 slots: 0x00007ffa4ef9b2dc: <offset 0x0000000000b7f2dc> in /usr/lib/jvm/java-11-openjdk-amd64/lib/server/libjvm.so at 0x00007ffa4e41c000
stack at sp + 2 slots: 0x00007ffa208a80a0 is pointing into the stack for thread: 0x00007ffa480a9800
stack at sp + 3 slots: 0x00007ffa208a81a0 is pointing into the stack for thread: 0x00007ffa480a9800
stack at sp + 4 slots: 0x0 is NULL
stack at sp + 5 slots: 0x00007ffa30f5a792 is at entry_point+-78 in (nmethod*)0x00007ffa30f5a610
stack at sp + 6 slots: 0x00007ffa30f5a7d0 is at entry_point+-16 in (nmethod*)0x00007ffa30f5a610
stack at sp + 7 slots: 0x00007ffa30f5a610 is at entry_point+-464 in (nmethod*)0x00007ffa30f5a610


---------------  P R O C E S S  ---------------

Threads class SMR info:
_java_thread_list=0x00007ffa481020c0, length=9, elements={
0x00007ffa48012000, 0x00007ffa4809d800, 0x00007ffa4809f800, 0x00007ffa480a5800,
0x00007ffa480a7800, 0x00007ffa480a9800, 0x00007ffa480ab800, 0x00007ffa480f6800,
0x00007ffa48100800
}

Java Threads: ( => current thread )
  0x00007ffa48012000 JavaThread "main" [_thread_blocked, id=5201, stack(0x00007ffa50583000,0x00007ffa50684000)]
  0x00007ffa4809d800 JavaThread "Reference Handler" daemon [_thread_blocked, id=5208, stack(0x00007ffa2157c000,0x00007ffa2167d000)]
  0x00007ffa4809f800 JavaThread "Finalizer" daemon [_thread_blocked, id=5209, stack(0x00007ffa2147b000,0x00007ffa2157c000)]
  0x00007ffa480a5800 JavaThread "Signal Dispatcher" daemon [_thread_blocked, id=5210, stack(0x00007ffa209ab000,0x00007ffa20aac000)]
  0x00007ffa480a7800 JavaThread "C2 CompilerThread0" daemon [_thread_in_vm, id=5211, stack(0x00007ffa208aa000,0x00007ffa209ab000)]
=>0x00007ffa480a9800 JavaThread "C1 CompilerThread0" daemon [_thread_in_vm, id=5212, stack(0x00007ffa207a9000,0x00007ffa208aa000)]
  0x00007ffa480ab800 JavaThread "Sweeper thread" daemon [_thread_blocked, id=5213, stack(0x00007ffa206a8000,0x00007ffa207a9000)]
  0x00007ffa480f6800 JavaThread "Service Thread" daemon [_thread_blocked, id=5214, stack(0x00007ffa205a7000,0x00007ffa206a8000)]
  0x00007ffa48100800 JavaThread "Common-Cleaner" daemon [_thread_blocked, id=5216, stack(0x00007ffa203a4000,0x00007ffa204a5000)]

Other Threads:
  0x00007ffa4809a800 VMThread "VM Thread" [stack: 0x00007ffa2167f000,0x00007ffa2177f000] [id=5207]
  0x00007ffa480f9000 WatcherThread [stack: 0x00007ffa204a7000,0x00007ffa205a7000] [id=5215]
  0x00007ffa48028000 GCTaskThread "GC Thread#0" [stack: 0x00007ffa4c575000,0x00007ffa4c675000] [id=5202]
  0x00007ffa4802e800 ConcurrentGCThread "G1 Main Marker" [stack: 0x00007ffa30756000,0x00007ffa30856000] [id=5203]
  0x00007ffa48030800 ConcurrentGCThread "G1 Conc#0" [stack: 0x00007ffa30654000,0x00007ffa30754000] [id=5204]
  0x00007ffa48074000 ConcurrentGCThread "G1 Refine#0" [stack: 0x00007ffa3014e000,0x00007ffa3024e000] [id=5205]
  0x00007ffa48075800 ConcurrentGCThread "G1 Young RemSet Sampling" [stack: 0x00007ffa3004c000,0x00007ffa3014c000] [id=5206]

Threads with active compile tasks:
C2 CompilerThread0 327       4       java.lang.String::hashCode (49 bytes)
C1 CompilerThread0 351       3       java.lang.CharacterDataLatin1::toUpperCase (53 bytes)

VM state:not at safepoint (normal execution)

VM Mutex/Monitor currently owned by a thread:  ([mutex/lock_event])
[0x00007ffa4800d100] CodeCache_lock - owner thread: 0x00007ffa480a9800
[0x00007ffa4800ec00] Compile_lock - owner thread: 0x00007ffa480a9800
[0x00007ffa4800edb0] MethodCompileQueue_lock - owner thread: 0x00007ffa480a9800

Heap address: 0x00000000fc000000, size: 64 MB, Compressed Oops mode: 32-bit
Narrow klass base: 0x0000000800000000, Narrow klass shift: 3
Compressed class space size: 1073741824 Address: 0x0000000840000000

Heap:
 garbage-first heap   total 65536K, used 8192K [0x00000000fc000000, 0x0000000100000000)
  region size 1024K, 7 young (7168K), 0 survivors (0K)
 Metaspace       used 1442K, capacity 4951K, committed 5120K, reserved 1056768K
  class space    used 150K, capacity 478K, committed 512K, reserved 1048576K
Heap Regions: E=young(eden), S=young(survivor), O=old, HS=humongous(starts), HC=humongous(continues), CS=collection set, F=free, A=archive, TAMS=top-at-mark-start (previous, next)
|   0|0x00000000fc000000, 0x00000000fc100000, 0x00000000fc100000|100%|HS|  |TAMS 0x00000000fc000000, 0x00000000fc000000| Complete 
|   1|0x00000000fc100000, 0x00000000fc200000, 0x00000000fc200000|100%|HC|  |TAMS 0x00000000fc100000, 0x00000000fc100000| Complete 
|   2|0x00000000fc200000, 0x00000000fc200000, 0x00000000fc300000|  0%| F|  |TAMS 0x00000000fc200000, 0x00000000fc200000| Untracked 
|   3|0x00000000fc300000, 0x00000000fc300000, 0x00000000fc400000|  0%| F|  |TAMS 0x00000000fc300000, 0x00000000fc300000| Untracked 
|   4|0x00000000fc400000, 0x00000000fc400000, 0x00000000fc500000|  0%| F|  |TAMS 0x00000000fc400000, 0x00000000fc400000| Untracked 
|   5|0x00000000fc500000, 0x00000000fc500000, 0x00000000fc600000|  0%| F|  |TAMS 0x00000000fc500000, 0x00000000fc500000| Untracked 
|   6|0x00000000fc600000, 0x00000000fc600000, 0x00000000fc700000|  0%| F|  |TAMS 0x00000000fc600000, 0x00000000fc600000| Untracked 
|   7|0x00000000fc700000, 0x00000000fc700000, 0x00000000fc800000|  0%| F|  |TAMS 0x00000000fc700000, 0x00000000fc700000| Untracked 
|   8|0x00000000fc800000, 0x00000000fc800000, 0x00000000fc900000|  0%| F|  |TAMS 0x00000000fc800000, 0x00000000fc800000| Untracked 
|   9|0x00000000fc900000, 0x00000000fc900000, 0x00000000fca00000|  0%| F|  |TAMS 0x00000000fc900000, 0x00000000fc900000| Untracked 
|  10|0x00000000fca00000, 0x00000000fca00000, 0x00000000fcb00000|  0%| F|  |TAMS 0x00000000fca00000, 0x00000000fca00000| Untracked 
|  11|0x00000000fcb00000, 0x00000000fcb00000, 0x00000000fcc00000|  0%| F|  |TAMS 0x00000000fcb00000, 0x00000000fcb00000| Untracked 
|  12|0x00000000fcc00000, 0x00000000fcc00000, 0x00000000fcd00000|  0%| F|  |TAMS 0x00000000fcc00000, 0x00000000fcc00000| Untracked 
|  13|0x00000000fcd00000, 0x00000000fcd00000, 0x00000000fce00000|  0%| F|  |TAMS 0x00000000fcd00000, 0x00000000fcd00000| Untracked 
|  14|0x00000000fce00000, 0x00000000fce00000, 0x00000000fcf00000|  0%| F|  |TAMS 0x00000000fce00000, 0x00000000fce00000| Untracked 
|  15|0x00000000fcf00000, 0x00000000fcf00000, 0x00000000fd000000|  0%| F|  |TAMS 0x00000000fcf00000, 0x00000000fcf00000| Untracked 
|  16|0x00000000fd000000, 0x00000000fd000000, 0x00000000fd100000|  0%| F|  |TAMS 0x00000000fd000000, 0x00000000fd000000| Untracked 
|  17|0x00000000fd100000, 0x00000000fd100000, 0x00000000fd200000|  0%| F|  |TAMS 0x00000000fd100000, 0x00000000fd100000| Untracked 
|  18|0x00000000fd200000, 0x00000000fd200000, 0x00000000fd300000|  0%| F|  |TAMS 0x00000000fd200000, 0x00000000fd200000| Untracked 
|  19|0x00000000fd300000, 0x00000000fd300000, 0x00000000fd400000|  0%| F|  |TAMS 0x00000000fd300000, 0x00000000fd300000| Untracked 
|  20|0x00000000fd400000, 0x00000000fd400000, 0x00000000fd500000|  0%| F|  |TAMS 0x00000000fd400000, 0x00000000fd400000| Untracked 
|  21|0x00000000fd500000, 0x00000000fd500000, 0x00000000fd600000|  0%| F|  |TAMS 0x00000000fd500000, 0x00000000fd500000| Untracked 
|  22|0x00000000fd600000, 0x00000000fd600000, 0x00000000fd700000|  0%| F|  |TAMS 0x00000000fd600000, 0x00000000fd600000| Untracked 
|  23|0x00000000fd700000, 0x00000000fd700000, 0x00000000fd800000|  0%| F|  |TAMS 0x00000000fd700000, 0x00000000fd700000| Untracked 
|  24|0x00000000fd800000, 0x00000000fd800000, 0x00000000fd900000|  0%| F|  |TAMS 0x00000000fd800000, 0x00000000fd800000| Untracked 
|  25|0x00000000fd900000, 0x00000000fd900000, 0x00000000fda00000|  0%| F|  |TAMS 0x00000000fd900000, 0x00000000fd900000| Untracked 
|  26|0x00000000fda00000, 0x00000000fda00000, 0x00000000fdb00000|  0%| F|  |TAMS 0x00000000fda00000, 0x00000000fda00000| Untracked 
|  27|0x00000000fdb00000, 0x00000000fdb00000, 0x00000000fdc00000|  0%| F|  |TAMS 0x00000000fdb00000, 0x00000000fdb00000| Untracked 
|  28|0x00000000fdc00000, 0x00000000fdc00000, 0x00000000fdd00000|  0%| F|  |TAMS 0x00000000fdc00000, 0x00000000fdc00000| Untracked 
|  29|0x00000000fdd00000, 0x00000000fdd00000, 0x00000000fde00000|  0%| F|  |TAMS 0x00000000fdd00000, 0x00000000fdd00000| Untracked 
|  30|0x00000000fde00000, 0x00000000fde00000, 0x00000000fdf00000|  0%| F|  |TAMS 0x00000000fde00000, 0x00000000fde00000| Untracked 
|  31|0x00000000fdf00000, 0x00000000fdf00000, 0x00000000fe000000|  0%| F|  |TAMS 0x00000000fdf00000, 0x00000000fdf00000| Untracked 
|  32|0x00000000fe000000, 0x00000000fe000000, 0x00000000fe100000|  0%| F|  |TAMS 0x00000000fe000000, 0x00000000fe000000| Untracked 
|  33|0x00000000fe100000, 0x00000000fe100000, 0x00000000fe200000|  0%| F|  |TAMS 0x00000000fe100000, 0x00000000fe100000| Untracked 
|  34|0x00000000fe200000, 0x00000000fe200000, 0x00000000fe300000|  0%| F|  |TAMS 0x00000000fe200000, 0x00000000fe200000| Untracked 
|  35|0x00000000fe300000, 0x00000000fe300000, 0x00000000fe400000|  0%| F|  |TAMS 0x00000000fe300000, 0x00000000fe300000| Untracked 
|  36|0x00000000fe400000, 0x00000000fe400000, 0x00000000fe500000|  0%| F|  |TAMS 0x00000000fe400000, 0x00000000fe400000| Untracked 
|  37|0x00000000fe500000, 0x00000000fe500000, 0x00000000fe600000|  0%| F|  |TAMS 0x00000000fe500000, 0x00000000fe500000| Untracked 
|  38|0x00000000fe600000, 0x00000000fe600000, 0x00000000fe700000|  0%| F|  |TAMS 0x00000000fe600000, 0x00000000fe600000| Untracked 
|  39|0x00000000fe700000, 0x00000000fe700000, 0x00000000fe800000|  0%| F|  |TAMS 0x00000000fe700000, 0x00000000fe700000| Untracked 
|  40|0x00000000fe800000, 0x00000000fe800000, 0x00000000fe900000|  0%| F|  |TAMS 0x00000000fe800000, 0x00000000fe800000| Untracked 
|  41|0x00000000fe900000, 0x00000000fe900000, 0x00000000fea00000|  0%| F|  |TAMS 0x00000000fe900000, 0x00000000fe900000| Untracked 
|  42|0x00000000fea00000, 0x00000000fea00000, 0x00000000feb00000|  0%| F|  |TAMS 0x00000000fea00000, 0x00000000fea00000| Untracked 
|  43|0x00000000feb00000, 0x00000000feb00000, 0x00000000fec00000|  0%| F|  |TAMS 0x00000000feb00000, 0x00000000feb00000| Untracked 
|  44|0x00000000fec00000, 0x00000000fec00000, 0x00000000fed00000|  0%| F|  |TAMS 0x00000000fec00000, 0x00000000fec00000| Untracked 
|  45|0x00000000fed00000, 0x00000000fed00000, 0x00000000fee00000|  0%| F|  |TAMS 0x00000000fed00000, 0x00000000fed00000| Untracked 
|  46|0x00000000fee00000, 0x00000000fee00000, 0x00000000fef00000|  0%| F|  |TAMS 0x00000000fee00000, 0x00000000fee00000| Untracked 
|  47|0x00000000fef00000, 0x00000000fef00000, 0x00000000ff000000|  0%| F|  |TAMS 0x00000000fef00000, 0x00000000fef00000| Untracked 
|  48|0x00000000ff000000, 0x00000000ff000000, 0x00000000ff100000|  0%| F|  |TAMS 0x00000000ff000000, 0x00000000ff000000| Untracked 
|  49|0x00000000ff100000, 0x00000000ff100000, 0x00000000ff200000|  0%| F|  |TAMS 0x00000000ff100000, 0x00000000ff100000| Untracked 
|  50|0x00000000ff200000, 0x00000000ff200000, 0x00000000ff300000|  0%| F|  |TAMS 0x00000000ff200000, 0x00000000ff200000| Untracked 
|  51|0x00000000ff300000, 0x00000000ff300000, 0x00000000ff400000|  0%| F|  |TAMS 0x00000000ff300000, 0x00000000ff300000| Untracked 
|  52|0x00000000ff400000, 0x00000000ff400000, 0x00000000ff500000|  0%| F|  |TAMS 0x00000000ff400000, 0x00000000ff400000| Untracked 
|  53|0x00000000ff500000, 0x00000000ff500000, 0x00000000ff600000|  0%| F|  |TAMS 0x00000000ff500000, 0x00000000ff500000| Untracked 
|  54|0x00000000ff600000, 0x00000000ff600000, 0x00000000ff700000|  0%| F|  |TAMS 0x00000000ff600000, 0x00000000ff600000| Untracked 
|  55|0x00000000ff700000, 0x00000000ff700000, 0x00000000ff800000|  0%| F|  |TAMS 0x00000000ff700000, 0x00000000ff700000| Untracked 
|  56|0x00000000ff800000, 0x00000000ff800000, 0x00000000ff900000|  0%| F|  |TAMS 0x00000000ff800000, 0x00000000ff800000| Untracked 
|  57|0x00000000ff900000, 0x00000000ffa00000, 0x00000000ffa00000|100%| E|  |TAMS 0x00000000ff900000, 0x00000000ff900000| Complete 
|  58|0x00000000ffa00000, 0x00000000ffb00000, 0x00000000ffb00000|100%| E|CS|TAMS 0x00000000ffa00000, 0x00000000ffa00000| Complete 
|  59|0x00000000ffb00000, 0x00000000ffc00000, 0x00000000ffc00000|100%| E|CS|TAMS 0x00000000ffb00000, 0x00000000ffb00000| Complete 
|  60|0x00000000ffc00000, 0x00000000ffd00000, 0x00000000ffd00000|100%| E|CS|TAMS 0x00000000ffc00000, 0x00000000ffc00000| Complete 
|  61|0x00000000ffd00000, 0x00000000ffe00000, 0x00000000ffe00000|100%| E|CS|TAMS 0x00000000ffd00000, 0x00000000ffd00000| Complete 
|  62|0x00000000ffe00000, 0x00000000fff00000, 0x00000000fff00000|100%| E|CS|TAMS 0x00000000ffe00000, 0x00000000ffe00000| Complete 
|  63|0x00000000fff00000, 0x0000000100000000, 0x0000000100000000|100%| E|CS|TAMS 0x00000000fff00000, 0x00000000fff00000| Complete 

Card table byte_map: [0x00007ffa50537000,0x00007ffa50557000] _byte_map_base: 0x00007ffa4fd57000

Marking Bits (Prev, Next): (CMBitMap*) 0x00007ffa4802d978, (CMBitMap*) 0x00007ffa4802d9b0
 Prev Bits: [0x00007ffa4c06f000, 0x00007ffa4c16f000)
 Next Bits: [0x00007ffa30856000, 0x00007ffa30956000)

Polling page: 0x00007ffa50698000

Metaspace:

Usage:
  Non-class:      4.37 MB capacity,     1.26 MB ( 29%) used,     3.10 MB ( 71%) free+waste,     2.44 KB ( <1%) overhead. 
      Class:    478.00 KB capacity,   150.62 KB ( 32%) used,   325.81 KB ( 68%) free+waste,     1.56 KB ( <1%) overhead. 
       Both:      4.83 MB capacity,     1.41 MB ( 29%) used,     3.42 MB ( 71%) free+waste,     4.00 KB ( <1%) overhead. 

Virtual space:
  Non-class space:        8.00 MB reserved,       4.50 MB ( 56%) committed 
      Class space:        1.00 GB reserved,     512.00 KB ( <1%) committed 
             Both:        1.01 GB reserved,       5.00 MB ( <1%) committed 

Chunk freelists:
   Non-Class:  7.00 KB
       Class:  2.00 KB
        Both:  9.00 KB

CodeHeap 'non-profiled nmethods': size=120032Kb used=103Kb max_used=103Kb free=119928Kb
 bounds [0x00007ffa3841e000, 0x00007ffa3868e000, 0x00007ffa3f956000]
CodeHeap 'profiled nmethods': size=120032Kb used=467Kb max_used=467Kb free=119565Kb
 bounds [0x00007ffa30ee6000, 0x00007ffa31156000, 0x00007ffa3841e000]
CodeHeap 'non-nmethods': size=5696Kb used=1057Kb max_used=1069Kb free=4638Kb
 bounds [0x00007ffa30956000, 0x00007ffa30bc6000, 0x00007ffa30ee6000]
 total_blobs=796 nmethods=345 adapters=260
 compilation: enabled
              stopped_count=0, restarted_count=0
 full_count=0

Compilation events (10 events):
Event: 0.165 Thread 0x00007ffa480a9800 nmethod 344 0x00007ffa30f58590 code [0x00007ffa30f58780, 0x00007ffa30f58e98]
Event: 0.165 Thread 0x00007ffa480a9800  342       1       java.lang.NamedPackage::module (5 bytes)
Event: 0.165 Thread 0x00007ffa480a9800 nmethod 342 0x00007ffa38436e10 code [0x00007ffa38436fc0, 0x00007ffa384370f0]
Event: 0.167 Thread 0x00007ffa480a9800  346       3       java.lang.String::replace (42 bytes)
Event: 0.167 Thread 0x00007ffa480a9800 nmethod 346 0x00007ffa30f59090 code [0x00007ffa30f59280, 0x00007ffa30f59618]
Event: 0.167 Thread 0x00007ffa480a9800  348       3       java.net.URI$Parser::scan (76 bytes)
Event: 0.168 Thread 0x00007ffa480a7800 nmethod 319 0x00007ffa38437190 code [0x00007ffa38437380, 0x00007ffa38437918]
Event: 0.168 Thread 0x00007ffa480a7800  327       4       java.lang.String::hashCode (49 bytes)
Event: 0.168 Thread 0x00007ffa480a9800 nmethod 348 0x00007ffa30f59710 code [0x00007ffa30f59960, 0x00007ffa30f5a258]
Event: 0.168 Thread 0x00007ffa480a9800  351       3       java.lang.CharacterDataLatin1::toUpperCase (53 bytes)

GC Heap History (0 events):
No events

Deoptimization events (6 events):
Event: 0.039 Thread 0x00007ffa48012000 Uncommon trap: trap_request=0xffffff4d fr.pc=0x00007ffa38422ca0 relative=0x0000000000000200
Event: 0.039 Thread 0x00007ffa48012000 Uncommon trap: reason=unstable_if action=reinterpret pc=0x00007ffa38422ca0 method=java.lang.String.hashCode()I @ 14 c2
Event: 0.039 Thread 0x00007ffa48012000 DEOPT PACKING pc=0x00007ffa38422ca0 sp=0x00007ffa506811a0
Event: 0.039 Thread 0x00007ffa48012000 DEOPT UNPACKING pc=0x00007ffa3097ea25 sp=0x00007ffa50681158 mode 2
Event: 0.105 Thread 0x00007ffa48012000 DEOPT PACKING pc=0x00007ffa30f1cf8b sp=0x00007ffa50680160
Event: 0.105 Thread 0x00007ffa48012000 DEOPT UNPACKING pc=0x00007ffa3097e83a sp=0x00007ffa5067f620 mode 0

Classes redefined (0 events):
No events

Internal exceptions (1 events):
Event: 0.126 Thread 0x00007ffa48012000 Exception <a 'java/lang/NoSuchMethodError'{0x00000000ffca9718}: 'int java.lang.invoke.DirectMethodHandle$Holder.invokeSpecialIFC(java.lang.Object, java.lang.Object, int)'> (0x00000000ffca9718) thrown at [/build/openjdk-lts-7bqZff/openjdk-lts-11.0.4+11/src

Events (10 events):
Event: 0.124 loading class org/gradle/internal/io/TextStream
Event: 0.124 loading class org/gradle/internal/io/TextStream done
Event: 0.125 loading class org/gradle/internal/io/LineBufferingOutputStream
Event: 0.125 loading class org/gradle/internal/io/LineBufferingOutputStream done
Event: 0.125 loading class org/gradle/api/Transformer
Event: 0.125 loading class org/gradle/api/Transformer done
Event: 0.164 loading class org/gradle/internal/classloader/VisitableURLClassLoader$Spec
Event: 0.164 loading class org/gradle/internal/classloader/VisitableURLClassLoader$Spec done
Event: 0.165 loading class org/gradle/internal/classloader/VisitableURLClassLoader$UserData
Event: 0.165 loading class org/gradle/internal/classloader/VisitableURLClassLoader$UserData done


Dynamic libraries:
fc000000-100000000 rw-p 00000000 00:00 0 
800000000-800002000 rwxp 00001000 08:02 5641853                          /usr/lib/jvm/java-11-openjdk-amd64/lib/server/classes.jsa
800002000-8003bd000 rw-p 00003000 08:02 5641853                          /usr/lib/jvm/java-11-openjdk-amd64/lib/server/classes.jsa
8003bd000-800a98000 r--p 003be000 08:02 5641853                          /usr/lib/jvm/java-11-openjdk-amd64/lib/server/classes.jsa
800a98000-800a99000 rw-p 00a99000 08:02 5641853                          /usr/lib/jvm/java-11-openjdk-amd64/lib/server/classes.jsa
800a99000-8010ab000 r--p 00a9a000 08:02 5641853                          /usr/lib/jvm/java-11-openjdk-amd64/lib/server/classes.jsa
840000000-840080000 rw-p 00000000 00:00 0 
840080000-880000000 ---p 00000000 00:00 0 
559b5c3b0000-559b5c3b1000 r-xp 00000000 08:02 5506710                    /usr/lib/jvm/java-11-openjdk-amd64/bin/java
559b5c5b1000-559b5c5b2000 r--p 00001000 08:02 5506710                    /usr/lib/jvm/java-11-openjdk-amd64/bin/java
559b5c5b2000-559b5c5b3000 rw-p 00002000 08:02 5506710                    /usr/lib/jvm/java-11-openjdk-amd64/bin/java
559b5e0cf000-559b5e0f0000 rw-p 00000000 00:00 0                          [heap]
7ff9ec000000-7ff9ec021000 rw-p 00000000 00:00 0 
7ff9ec021000-7ff9f0000000 ---p 00000000 00:00 0 
7ff9f3de9000-7ff9f3dff000 r-xp 00000000 08:02 5641803                    /usr/lib/jvm/java-11-openjdk-amd64/lib/libnet.so
7ff9f3dff000-7ff9f3ffe000 ---p 00016000 08:02 5641803                    /usr/lib/jvm/java-11-openjdk-amd64/lib/libnet.so
7ff9f3ffe000-7ff9f3fff000 r--p 00015000 08:02 5641803                    /usr/lib/jvm/java-11-openjdk-amd64/lib/libnet.so
7ff9f3fff000-7ff9f4000000 rw-p 00016000 08:02 5641803                    /usr/lib/jvm/java-11-openjdk-amd64/lib/libnet.so
7ff9f4000000-7ff9f4021000 rw-p 00000000 00:00 0 
7ff9f4021000-7ff9f8000000 ---p 00000000 00:00 0 
7ff9f8000000-7ff9f8021000 rw-p 00000000 00:00 0 
7ff9f8021000-7ff9fc000000 ---p 00000000 00:00 0 
7ff9fc000000-7ff9fc0e6000 rw-p 00000000 00:00 0 
7ff9fc0e6000-7ffa00000000 ---p 00000000 00:00 0 
7ffa00000000-7ffa00021000 rw-p 00000000 00:00 0 
7ffa00021000-7ffa04000000 ---p 00000000 00:00 0 
7ffa04000000-7ffa04021000 rw-p 00000000 00:00 0 
7ffa04021000-7ffa08000000 ---p 00000000 00:00 0 
7ffa08000000-7ffa0813b000 rw-p 00000000 00:00 0 
7ffa0813b000-7ffa0c000000 ---p 00000000 00:00 0 
7ffa0c000000-7ffa0c021000 rw-p 00000000 00:00 0 
7ffa0c021000-7ffa10000000 ---p 00000000 00:00 0 
7ffa10000000-7ffa10021000 rw-p 00000000 00:00 0 
7ffa10021000-7ffa14000000 ---p 00000000 00:00 0 
7ffa14000000-7ffa14021000 rw-p 00000000 00:00 0 
7ffa14021000-7ffa18000000 ---p 00000000 00:00 0 
7ffa18000000-7ffa18021000 rw-p 00000000 00:00 0 
7ffa18021000-7ffa1c000000 ---p 00000000 00:00 0 
7ffa1c000000-7ffa1c021000 rw-p 00000000 00:00 0 
7ffa1c021000-7ffa20000000 ---p 00000000 00:00 0 
7ffa20193000-7ffa201a3000 r-xp 00000000 08:02 5641804                    /usr/lib/jvm/java-11-openjdk-amd64/lib/libnio.so
7ffa201a3000-7ffa203a2000 ---p 00010000 08:02 5641804                    /usr/lib/jvm/java-11-openjdk-amd64/lib/libnio.so
7ffa203a2000-7ffa203a3000 r--p 0000f000 08:02 5641804                    /usr/lib/jvm/java-11-openjdk-amd64/lib/libnio.so
7ffa203a3000-7ffa203a4000 rw-p 00010000 08:02 5641804                    /usr/lib/jvm/java-11-openjdk-amd64/lib/libnio.so
7ffa203a4000-7ffa203a8000 ---p 00000000 00:00 0 
7ffa203a8000-7ffa204a5000 rw-p 00000000 00:00 0 
7ffa204a5000-7ffa204a6000 ---p 00000000 00:00 0 
7ffa204a6000-7ffa205a7000 rw-p 00000000 00:00 0 
7ffa205a7000-7ffa205ab000 ---p 00000000 00:00 0 
7ffa205ab000-7ffa206a8000 rw-p 00000000 00:00 0 
7ffa206a8000-7ffa206ac000 ---p 00000000 00:00 0 
7ffa206ac000-7ffa207a9000 rw-p 00000000 00:00 0 
7ffa207a9000-7ffa207ad000 ---p 00000000 00:00 0 
7ffa207ad000-7ffa208aa000 rw-p 00000000 00:00 0 
7ffa208aa000-7ffa208ae000 ---p 00000000 00:00 0 
7ffa208ae000-7ffa209ab000 rw-p 00000000 00:00 0 
7ffa209ab000-7ffa209af000 ---p 00000000 00:00 0 
7ffa209af000-7ffa20aac000 rw-p 00000000 00:00 0 
7ffa20aac000-7ffa2147b000 r--p 00000000 08:02 5380719                    /usr/lib/locale/locale-archive
7ffa2147b000-7ffa2147f000 ---p 00000000 00:00 0 
7ffa2147f000-7ffa2157c000 rw-p 00000000 00:00 0 
7ffa2157c000-7ffa21580000 ---p 00000000 00:00 0 
7ffa21580000-7ffa2167d000 rw-p 00000000 00:00 0 
7ffa2167d000-7ffa2167e000 ---p 00000000 00:00 0 
7ffa2167e000-7ffa21c80000 rw-p 00000000 00:00 0 
7ffa21c80000-7ffa22000000 ---p 00000000 00:00 0 
7ffa22000000-7ffa24000000 rw-p 00000000 00:00 0 
7ffa24000000-7ffa24021000 rw-p 00000000 00:00 0 
7ffa24021000-7ffa28000000 ---p 00000000 00:00 0 
7ffa28000000-7ffa28021000 rw-p 00000000 00:00 0 
7ffa28021000-7ffa2c000000 ---p 00000000 00:00 0 
7ffa2c000000-7ffa2c021000 rw-p 00000000 00:00 0 
7ffa2c021000-7ffa30000000 ---p 00000000 00:00 0 
7ffa30019000-7ffa3004a000 rw-p 00000000 00:00 0 
7ffa3004a000-7ffa3004b000 ---p 00000000 00:00 0 
7ffa3004b000-7ffa3014c000 rw-p 00000000 00:00 0 
7ffa3014c000-7ffa3014d000 ---p 00000000 00:00 0 
7ffa3014d000-7ffa30652000 rw-p 00000000 00:00 0 
7ffa30652000-7ffa30653000 ---p 00000000 00:00 0 
7ffa30653000-7ffa30754000 rw-p 00000000 00:00 0 
7ffa30754000-7ffa30755000 ---p 00000000 00:00 0 
7ffa30755000-7ffa30956000 rw-p 00000000 00:00 0 
7ffa30956000-7ffa30bc6000 rwxp 00000000 00:00 0 
7ffa30bc6000-7ffa30ee6000 ---p 00000000 00:00 0 
7ffa30ee6000-7ffa31156000 rwxp 00000000 00:00 0 
7ffa31156000-7ffa3841e000 ---p 00000000 00:00 0 
7ffa3841e000-7ffa3868e000 rwxp 00000000 00:00 0 
7ffa3868e000-7ffa3f956000 ---p 00000000 00:00 0 
7ffa3f956000-7ffa48000000 r--s 00000000 08:02 5641813                    /usr/lib/jvm/java-11-openjdk-amd64/lib/modules
7ffa48000000-7ffa481be000 rw-p 00000000 00:00 0 
7ffa481be000-7ffa4c000000 ---p 00000000 00:00 0 
7ffa4c014000-7ffa4c573000 rw-p 00000000 00:00 0 
7ffa4c573000-7ffa4c574000 ---p 00000000 00:00 0 
7ffa4c574000-7ffa4c67a000 rw-p 00000000 00:00 0 
7ffa4c67a000-7ffa4c760000 ---p 00000000 00:00 0 
7ffa4c760000-7ffa4c765000 rw-p 00000000 00:00 0 
7ffa4c765000-7ffa4c84b000 ---p 00000000 00:00 0 
7ffa4c84b000-7ffa4c850000 r-xp 00000000 08:02 5641795                    /usr/lib/jvm/java-11-openjdk-amd64/lib/libjimage.so
7ffa4c850000-7ffa4ca4f000 ---p 00005000 08:02 5641795                    /usr/lib/jvm/java-11-openjdk-amd64/lib/libjimage.so
7ffa4ca4f000-7ffa4ca50000 r--p 00004000 08:02 5641795                    /usr/lib/jvm/java-11-openjdk-amd64/lib/libjimage.so
7ffa4ca50000-7ffa4ca51000 rw-p 00005000 08:02 5641795                    /usr/lib/jvm/java-11-openjdk-amd64/lib/libjimage.so
7ffa4ca51000-7ffa4ca58000 r-xp 00000000 08:02 5641812                    /usr/lib/jvm/java-11-openjdk-amd64/lib/libzip.so
7ffa4ca58000-7ffa4cc57000 ---p 00007000 08:02 5641812                    /usr/lib/jvm/java-11-openjdk-amd64/lib/libzip.so
7ffa4cc57000-7ffa4cc58000 r--p 00006000 08:02 5641812                    /usr/lib/jvm/java-11-openjdk-amd64/lib/libzip.so
7ffa4cc58000-7ffa4cc59000 rw-p 00007000 08:02 5641812                    /usr/lib/jvm/java-11-openjdk-amd64/lib/libzip.so
7ffa4cc59000-7ffa4cc64000 r-xp 00000000 08:02 17699614                   /lib/x86_64-linux-gnu/libnss_files-2.27.so
7ffa4cc64000-7ffa4ce63000 ---p 0000b000 08:02 17699614                   /lib/x86_64-linux-gnu/libnss_files-2.27.so
7ffa4ce63000-7ffa4ce64000 r--p 0000a000 08:02 17699614                   /lib/x86_64-linux-gnu/libnss_files-2.27.so
7ffa4ce64000-7ffa4ce65000 rw-p 0000b000 08:02 17699614                   /lib/x86_64-linux-gnu/libnss_files-2.27.so
7ffa4ce65000-7ffa4ce6b000 rw-p 00000000 00:00 0 
7ffa4ce6b000-7ffa4ce82000 r-xp 00000000 08:02 17699608                   /lib/x86_64-linux-gnu/libnsl-2.27.so
7ffa4ce82000-7ffa4d081000 ---p 00017000 08:02 17699608                   /lib/x86_64-linux-gnu/libnsl-2.27.so
7ffa4d081000-7ffa4d082000 r--p 00016000 08:02 17699608                   /lib/x86_64-linux-gnu/libnsl-2.27.so
7ffa4d082000-7ffa4d083000 rw-p 00017000 08:02 17699608                   /lib/x86_64-linux-gnu/libnsl-2.27.so
7ffa4d083000-7ffa4d085000 rw-p 00000000 00:00 0 
7ffa4d085000-7ffa4d090000 r-xp 00000000 08:02 17699625                   /lib/x86_64-linux-gnu/libnss_nis-2.27.so
7ffa4d090000-7ffa4d28f000 ---p 0000b000 08:02 17699625                   /lib/x86_64-linux-gnu/libnss_nis-2.27.so
7ffa4d28f000-7ffa4d290000 r--p 0000a000 08:02 17699625                   /lib/x86_64-linux-gnu/libnss_nis-2.27.so
7ffa4d290000-7ffa4d291000 rw-p 0000b000 08:02 17699625                   /lib/x86_64-linux-gnu/libnss_nis-2.27.so
7ffa4d291000-7ffa4d299000 r-xp 00000000 08:02 17699610                   /lib/x86_64-linux-gnu/libnss_compat-2.27.so
7ffa4d299000-7ffa4d499000 ---p 00008000 08:02 17699610                   /lib/x86_64-linux-gnu/libnss_compat-2.27.so
7ffa4d499000-7ffa4d49a000 r--p 00008000 08:02 17699610                   /lib/x86_64-linux-gnu/libnss_compat-2.27.so
7ffa4d49a000-7ffa4d49b000 rw-p 00009000 08:02 17699610                   /lib/x86_64-linux-gnu/libnss_compat-2.27.so
7ffa4d49b000-7ffa4d4c4000 r-xp 00000000 08:02 5641791                    /usr/lib/jvm/java-11-openjdk-amd64/lib/libjava.so
7ffa4d4c4000-7ffa4d6c3000 ---p 00029000 08:02 5641791                    /usr/lib/jvm/java-11-openjdk-amd64/lib/libjava.so
7ffa4d6c3000-7ffa4d6c4000 r--p 00028000 08:02 5641791                    /usr/lib/jvm/java-11-openjdk-amd64/lib/libjava.so
7ffa4d6c4000-7ffa4d6c6000 rw-p 00029000 08:02 5641791                    /usr/lib/jvm/java-11-openjdk-amd64/lib/libjava.so
7ffa4d6c6000-7ffa4d6d3000 r-xp 00000000 08:02 5641811                    /usr/lib/jvm/java-11-openjdk-amd64/lib/libverify.so
7ffa4d6d3000-7ffa4d8d2000 ---p 0000d000 08:02 5641811                    /usr/lib/jvm/java-11-openjdk-amd64/lib/libverify.so
7ffa4d8d2000-7ffa4d8d4000 r--p 0000c000 08:02 5641811                    /usr/lib/jvm/java-11-openjdk-amd64/lib/libverify.so
7ffa4d8d4000-7ffa4d8d5000 rw-p 0000e000 08:02 5641811                    /usr/lib/jvm/java-11-openjdk-amd64/lib/libverify.so
7ffa4d8d5000-7ffa4d8dc000 r-xp 00000000 08:02 17699665                   /lib/x86_64-linux-gnu/librt-2.27.so
7ffa4d8dc000-7ffa4dadb000 ---p 00007000 08:02 17699665                   /lib/x86_64-linux-gnu/librt-2.27.so
7ffa4dadb000-7ffa4dadc000 r--p 00006000 08:02 17699665                   /lib/x86_64-linux-gnu/librt-2.27.so
7ffa4dadc000-7ffa4dadd000 rw-p 00007000 08:02 17699665                   /lib/x86_64-linux-gnu/librt-2.27.so
7ffa4dadd000-7ffa4daf4000 r-xp 00000000 08:02 17694963                   /lib/x86_64-linux-gnu/libgcc_s.so.1
7ffa4daf4000-7ffa4dcf3000 ---p 00017000 08:02 17694963                   /lib/x86_64-linux-gnu/libgcc_s.so.1
7ffa4dcf3000-7ffa4dcf4000 r--p 00016000 08:02 17694963                   /lib/x86_64-linux-gnu/libgcc_s.so.1
7ffa4dcf4000-7ffa4dcf5000 rw-p 00017000 08:02 17694963                   /lib/x86_64-linux-gnu/libgcc_s.so.1
7ffa4dcf5000-7ffa4de92000 r-xp 00000000 08:02 17699587                   /lib/x86_64-linux-gnu/libm-2.27.so
7ffa4de92000-7ffa4e091000 ---p 0019d000 08:02 17699587                   /lib/x86_64-linux-gnu/libm-2.27.so
7ffa4e091000-7ffa4e092000 r--p 0019c000 08:02 17699587                   /lib/x86_64-linux-gnu/libm-2.27.so
7ffa4e092000-7ffa4e093000 rw-p 0019d000 08:02 17699587                   /lib/x86_64-linux-gnu/libm-2.27.so
7ffa4e093000-7ffa4e20c000 r-xp 00000000 08:02 5374451                    /usr/lib/x86_64-linux-gnu/libstdc++.so.6.0.25
7ffa4e20c000-7ffa4e40c000 ---p 00179000 08:02 5374451                    /usr/lib/x86_64-linux-gnu/libstdc++.so.6.0.25
7ffa4e40c000-7ffa4e416000 r--p 00179000 08:02 5374451                    /usr/lib/x86_64-linux-gnu/libstdc++.so.6.0.25
7ffa4e416000-7ffa4e418000 rw-p 00183000 08:02 5374451                    /usr/lib/x86_64-linux-gnu/libstdc++.so.6.0.25
7ffa4e418000-7ffa4e41c000 rw-p 00000000 00:00 0 
7ffa4e41c000-7ffa4f4e8000 r-xp 00000000 08:02 5641818                    /usr/lib/jvm/java-11-openjdk-amd64/lib/server/libjvm.so
7ffa4f4e8000-7ffa4f6e7000 ---p 010cc000 08:02 5641818                    /usr/lib/jvm/java-11-openjdk-amd64/lib/server/libjvm.so
7ffa4f6e7000-7ffa4f7a4000 r--p 010cb000 08:02 5641818                    /usr/lib/jvm/java-11-openjdk-amd64/lib/server/libjvm.so
7ffa4f7a4000-7ffa4f7dd000 rw-p 01188000 08:02 5641818                    /usr/lib/jvm/java-11-openjdk-amd64/lib/server/libjvm.so
7ffa4f7dd000-7ffa4f833000 rw-p 00000000 00:00 0 
7ffa4f833000-7ffa4f84d000 r-xp 00000000 08:02 17699657                   /lib/x86_64-linux-gnu/libpthread-2.27.so
7ffa4f84d000-7ffa4fa4c000 ---p 0001a000 08:02 17699657                   /lib/x86_64-linux-gnu/libpthread-2.27.so
7ffa4fa4c000-7ffa4fa4d000 r--p 00019000 08:02 17699657                   /lib/x86_64-linux-gnu/libpthread-2.27.so
7ffa4fa4d000-7ffa4fa4e000 rw-p 0001a000 08:02 17699657                   /lib/x86_64-linux-gnu/libpthread-2.27.so
7ffa4fa4e000-7ffa4fa52000 rw-p 00000000 00:00 0 
7ffa4fa52000-7ffa4fa55000 r-xp 00000000 08:02 17699547                   /lib/x86_64-linux-gnu/libdl-2.27.so
7ffa4fa55000-7ffa4fc54000 ---p 00003000 08:02 17699547                   /lib/x86_64-linux-gnu/libdl-2.27.so
7ffa4fc54000-7ffa4fc55000 r--p 00002000 08:02 17699547                   /lib/x86_64-linux-gnu/libdl-2.27.so
7ffa4fc55000-7ffa4fc56000 rw-p 00003000 08:02 17699547                   /lib/x86_64-linux-gnu/libdl-2.27.so
7ffa4fc56000-7ffa4fc72000 r-xp 00000000 08:02 17699696                   /lib/x86_64-linux-gnu/libz.so.1.2.11
7ffa4fc72000-7ffa4fe71000 ---p 0001c000 08:02 17699696                   /lib/x86_64-linux-gnu/libz.so.1.2.11
7ffa4fe71000-7ffa4fe72000 r--p 0001b000 08:02 17699696                   /lib/x86_64-linux-gnu/libz.so.1.2.11
7ffa4fe72000-7ffa4fe73000 rw-p 0001c000 08:02 17699696                   /lib/x86_64-linux-gnu/libz.so.1.2.11
7ffa4fe73000-7ffa5005a000 r-xp 00000000 08:02 17699524                   /lib/x86_64-linux-gnu/libc-2.27.so
7ffa5005a000-7ffa5025a000 ---p 001e7000 08:02 17699524                   /lib/x86_64-linux-gnu/libc-2.27.so
7ffa5025a000-7ffa5025e000 r--p 001e7000 08:02 17699524                   /lib/x86_64-linux-gnu/libc-2.27.so
7ffa5025e000-7ffa50260000 rw-p 001eb000 08:02 17699524                   /lib/x86_64-linux-gnu/libc-2.27.so
7ffa50260000-7ffa50264000 rw-p 00000000 00:00 0 
7ffa50264000-7ffa50274000 r-xp 00000000 08:02 5641775                    /usr/lib/jvm/java-11-openjdk-amd64/lib/jli/libjli.so
7ffa50274000-7ffa50473000 ---p 00010000 08:02 5641775                    /usr/lib/jvm/java-11-openjdk-amd64/lib/jli/libjli.so
7ffa50473000-7ffa50474000 r--p 0000f000 08:02 5641775                    /usr/lib/jvm/java-11-openjdk-amd64/lib/jli/libjli.so
7ffa50474000-7ffa50475000 rw-p 00010000 08:02 5641775                    /usr/lib/jvm/java-11-openjdk-amd64/lib/jli/libjli.so
7ffa50475000-7ffa5049c000 r-xp 00000000 08:02 17699496                   /lib/x86_64-linux-gnu/ld-2.27.so
7ffa504ad000-7ffa5057c000 rw-p 00000000 00:00 0 
7ffa5057c000-7ffa50583000 ---p 00000000 00:00 0 
7ffa50583000-7ffa50587000 ---p 00000000 00:00 0 
7ffa50587000-7ffa50686000 rw-p 00000000 00:00 0 
7ffa5068b000-7ffa5068e000 rw-p 00000000 00:00 0 
7ffa5068e000-7ffa50690000 r--s 00007000 08:02 5771425                    /usr/share/java/java-atk-wrapper.jar
7ffa50690000-7ffa50698000 rw-s 00000000 08:02 28583092                   /tmp/hsperfdata_acquaint/5187
7ffa50698000-7ffa50699000 ---p 00000000 00:00 0 
7ffa50699000-7ffa5069a000 r--p 00000000 00:00 0 
7ffa5069a000-7ffa5069c000 rw-p 00000000 00:00 0 
7ffa5069c000-7ffa5069d000 r--p 00027000 08:02 17699496                   /lib/x86_64-linux-gnu/ld-2.27.so
7ffa5069d000-7ffa5069e000 rw-p 00028000 08:02 17699496                   /lib/x86_64-linux-gnu/ld-2.27.so
7ffa5069e000-7ffa5069f000 rw-p 00000000 00:00 0 
7ffc03679000-7ffc0369a000 rw-p 00000000 00:00 0                          [stack]
7ffc036dd000-7ffc036e0000 r--p 00000000 00:00 0                          [vvar]
7ffc036e0000-7ffc036e1000 r-xp 00000000 00:00 0                          [vdso]
ffffffffff600000-ffffffffff601000 r-xp 00000000 00:00 0                  [vsyscall]


VM Arguments:
jvm_args: -Xmx64m -Xms64m -Dorg.gradle.appname=gradlew 
java_command: org.gradle.wrapper.GradleWrapperMain app:installDebug -PreactNativeDevServerPort=8081
java_class_path (initial): /home/acquaint/Desktop/UnsplashTest/android/gradle/wrapper/gradle-wrapper.jar
Launcher Type: SUN_STANDARD

[Global flags]
     intx CICompilerCount                          = 3                                         {product} {ergonomic}
     uint ConcGCThreads                            = 1                                         {product} {ergonomic}
     uint G1ConcRefinementThreads                  = 4                                         {product} {ergonomic}
   size_t G1HeapRegionSize                         = 1048576                                   {product} {ergonomic}
    uintx GCDrainStackTargetSize                   = 64                                        {product} {ergonomic}
   size_t InitialHeapSize                          = 67108864                                  {product} {command line}
   size_t MarkStackSize                            = 4194304                                   {product} {ergonomic}
   size_t MaxHeapSize                              = 67108864                                  {product} {command line}
   size_t MaxNewSize                               = 39845888                                  {product} {ergonomic}
   size_t MinHeapDeltaBytes                        = 1048576                                   {product} {ergonomic}
    uintx NonNMethodCodeHeapSize                   = 5830092                                {pd product} {ergonomic}
    uintx NonProfiledCodeHeapSize                  = 122914074                              {pd product} {ergonomic}
    uintx ProfiledCodeHeapSize                     = 122914074                              {pd product} {ergonomic}
    uintx ReservedCodeCacheSize                    = 251658240                              {pd product} {ergonomic}
     bool SegmentedCodeCache                       = true                                      {product} {ergonomic}
     bool UseCompressedClassPointers               = true                                 {lp64_product} {ergonomic}
     bool UseCompressedOops                        = true                                 {lp64_product} {ergonomic}
     bool UseG1GC                                  = true                                      {product} {ergonomic}

Logging:
Log output configuration:
 #0: stdout all=warning uptime,level,tags
 #1: stderr all=off uptime,level,tags

Environment Variables:
PATH=/usr/local/sbin:/usr/local/bin:/usr/sbin:/usr/bin:/sbin:/bin:/usr/games:/usr/local/games:/snap/bin:/home/acquaint/Android/Sdk/emulator:/home/acquaint/Android/Sdk/tools:/home/acquaint/Android/Sdk/tools/bin:/home/acquaint/Android/Sdk/platform-tools
USERNAME=acquaint
SHELL=/bin/bash
DISPLAY=:0

Signal Handlers:
SIGSEGV: [libjvm.so+0xde5f50], sa_mask[0]=11111111011111111101111111111110, sa_flags=SA_RESTART|SA_SIGINFO
SIGBUS: [libjvm.so+0xde5f50], sa_mask[0]=11111111011111111101111111111110, sa_flags=SA_RESTART|SA_SIGINFO
SIGFPE: [libjvm.so+0xde5f50], sa_mask[0]=11111111011111111101111111111110, sa_flags=SA_RESTART|SA_SIGINFO
SIGPIPE: [libjvm.so+0xbba5b0], sa_mask[0]=11111111011111111101111111111110, sa_flags=SA_RESTART|SA_SIGINFO
SIGXFSZ: [libjvm.so+0xbba5b0], sa_mask[0]=11111111011111111101111111111110, sa_flags=SA_RESTART|SA_SIGINFO
SIGILL: [libjvm.so+0xde5f50], sa_mask[0]=11111111011111111101111111111110, sa_flags=SA_RESTART|SA_SIGINFO
SIGUSR2: [libjvm.so+0xbba450], sa_mask[0]=00000000000000000000000000000000, sa_flags=SA_RESTART|SA_SIGINFO
SIGHUP: [libjvm.so+0xbba7b0], sa_mask[0]=11111111011111111101111111111110, sa_flags=SA_RESTART|SA_SIGINFO
SIGINT: [libjvm.so+0xbba7b0], sa_mask[0]=11111111011111111101111111111110, sa_flags=SA_RESTART|SA_SIGINFO
SIGTERM: [libjvm.so+0xbba7b0], sa_mask[0]=11111111011111111101111111111110, sa_flags=SA_RESTART|SA_SIGINFO
SIGQUIT: [libjvm.so+0xbba7b0], sa_mask[0]=11111111011111111101111111111110, sa_flags=SA_RESTART|SA_SIGINFO


---------------  S Y S T E M  ---------------

OS:DISTRIB_ID=Ubuntu
DISTRIB_RELEASE=18.04
DISTRIB_CODENAME=bionic
DISTRIB_DESCRIPTION="Ubuntu 18.04.3 LTS"
uname:Linux 5.0.0-27-generic #28~18.04.1-Ubuntu SMP Thu Aug 22 03:00:32 UTC 2019 x86_64
libc:glibc 2.27 NPTL 2.27 
rlimit: STACK 8192k, CORE 0k, NPROC 47418, NOFILE 4096, AS infinity, DATA infinity, FSIZE infinity
load average:3.27 4.09 2.74

/proc/meminfo:
MemTotal:       12186996 kB
MemFree:         1225676 kB
MemAvailable:    4631780 kB
Buffers:          283380 kB
Cached:          4763244 kB
SwapCached:            0 kB
Active:          6753492 kB
Inactive:        2341260 kB
Active(anon):    5193876 kB
Inactive(anon):   266316 kB
Active(file):    1559616 kB
Inactive(file):  2074944 kB
Unevictable:     1327032 kB
Mlocked:              48 kB
SwapTotal:       2097148 kB
SwapFree:        2097148 kB
Dirty:             10352 kB
Writeback:             0 kB
AnonPages:       5375368 kB
Mapped:          1398592 kB
Shmem:           1514488 kB
KReclaimable:     231252 kB
Slab:             311064 kB
SReclaimable:     231252 kB
SUnreclaim:        79812 kB
KernelStack:       18240 kB
PageTables:        95736 kB
NFS_Unstable:          0 kB
Bounce:                0 kB
WritebackTmp:          0 kB
CommitLimit:     8190644 kB
Committed_AS:   16649732 kB
VmallocTotal:   34359738367 kB
VmallocUsed:           0 kB
VmallocChunk:          0 kB
Percpu:             1216 kB
HardwareCorrupted:     0 kB
AnonHugePages:   1357824 kB
ShmemHugePages:        0 kB
ShmemPmdMapped:        0 kB
CmaTotal:              0 kB
CmaFree:               0 kB
HugePages_Total:       0
HugePages_Free:        0
HugePages_Rsvd:        0
HugePages_Surp:        0
Hugepagesize:       2048 kB
Hugetlb:               0 kB
DirectMap4k:      245124 kB
DirectMap2M:     9084928 kB
DirectMap1G:     4194304 kB


/proc/sys/kernel/threads-max (system-wide limit on the number of threads):
94837


/proc/sys/vm/max_map_count (maximum number of memory map areas a process may have):
65530


/proc/sys/kernel/pid_max (system-wide limit on number of process identifiers):
32768



container (cgroup) information:
container_type: cgroupv1
cpu_cpuset_cpus: 0-3
cpu_memory_nodes: 0
active_processor_count: 4
cpu_quota: -1
cpu_period: 100000
cpu_shares: -1
memory_limit_in_bytes: -1
memory_and_swap_limit_in_bytes: -2
memory_soft_limit_in_bytes: -1
memory_usage_in_bytes: 10671972352
memory_max_usage_in_bytes: 15327232

Steal ticks since vm start: 0
Steal ticks percentage since vm start:  0.000

CPU:total 4 (initial active 4) (2 cores per cpu, 2 threads per core) family 6 model 60 stepping 3, cmov, cx8, fxsr, mmx, sse, sse2, sse3, ssse3, sse4.1, sse4.2, popcnt, avx, avx2, aes, clmul, erms, lzcnt, ht, tsc, tscinvbit, bmi1, bmi2, fma
CPU Model and flags from /proc/cpuinfo:
model name	: Intel(R) Core(TM) i3-4130 CPU @ 3.40GHz
flags		: fpu vme de pse tsc msr pae mce cx8 apic sep mtrr pge mca cmov pat pse36 clflush dts acpi mmx fxsr sse sse2 ss ht tm pbe syscall nx pdpe1gb rdtscp lm constant_tsc arch_perfmon pebs bts rep_good nopl xtopology nonstop_tsc cpuid aperfmperf pni pclmulqdq dtes64 monitor ds_cpl vmx est tm2 ssse3 sdbg fma cx16 xtpr pdcm pcid sse4_1 sse4_2 movbe popcnt tsc_deadline_timer aes xsave avx f16c rdrand lahf_lm abm cpuid_fault invpcid_single pti ssbd ibrs ibpb stibp tpr_shadow vnmi flexpriority ept vpid ept_ad fsgsbase tsc_adjust bmi1 avx2 smep bmi2 erms invpcid xsaveopt dtherm arat pln pts md_clear flush_l1d

Memory: 4k page, physical 12186996k(1225676k free), swap 2097148k(2097148k free)

vm_info: OpenJDK 64-Bit Server VM (11.0.4+11-post-Ubuntu-1ubuntu218.04.3) for linux-amd64 JRE (11.0.4+11-post-Ubuntu-1ubuntu218.04.3), built on Jul 18 2019 18:21:46 by "buildd" with gcc 7.4.0

END.
